2020-07-16 19:20:29.413180: I tensorflow/stream_executor/platform/default/dso_loader.cc:48] Successfully opened dynamic library libcudart.so.10.1
2020-07-16 19:20:30.393436: I tensorflow/stream_executor/platform/default/dso_loader.cc:48] Successfully opened dynamic library libcuda.so.1
2020-07-16 19:20:30.399944: I tensorflow/core/common_runtime/gpu/gpu_device.cc:1716] Found device 0 with properties: 
pciBusID: 0000:b3:00.0 name: TITAN RTX computeCapability: 7.5
coreClock: 1.77GHz coreCount: 72 deviceMemorySize: 23.65GiB deviceMemoryBandwidth: 625.94GiB/s
2020-07-16 19:20:30.399969: I tensorflow/stream_executor/platform/default/dso_loader.cc:48] Successfully opened dynamic library libcudart.so.10.1
2020-07-16 19:20:30.401089: I tensorflow/stream_executor/platform/default/dso_loader.cc:48] Successfully opened dynamic library libcublas.so.10
2020-07-16 19:20:30.402165: I tensorflow/stream_executor/platform/default/dso_loader.cc:48] Successfully opened dynamic library libcufft.so.10
2020-07-16 19:20:30.402345: I tensorflow/stream_executor/platform/default/dso_loader.cc:48] Successfully opened dynamic library libcurand.so.10
2020-07-16 19:20:30.403499: I tensorflow/stream_executor/platform/default/dso_loader.cc:48] Successfully opened dynamic library libcusolver.so.10
2020-07-16 19:20:30.404137: I tensorflow/stream_executor/platform/default/dso_loader.cc:48] Successfully opened dynamic library libcusparse.so.10
2020-07-16 19:20:30.406604: I tensorflow/stream_executor/platform/default/dso_loader.cc:48] Successfully opened dynamic library libcudnn.so.7
2020-07-16 19:20:30.407968: I tensorflow/core/common_runtime/gpu/gpu_device.cc:1858] Adding visible gpu devices: 0
2020-07-16 19:20:30.000409: I common_helper.py:233] ********************************************
2020-07-16 19:20:30.000409: I common_helper.py:234]         Settings for Transformer ASR
2020-07-16 19:20:30.000409: I common_helper.py:235] ********************************************
2020-07-16 19:20:30.000410: I common_helper.py:241] . CONFIG
2020-07-16 19:20:30.000410: I common_helper.py:244] - config=samples/conf/stf_timit.conf
2020-07-16 19:20:30.000410: I common_helper.py:241] . DECODING
2020-07-16 19:20:30.000410: I common_helper.py:244] - decoding_beam_width=100
2020-07-16 19:20:30.000410: I common_helper.py:244] - decoding_from_npy=False
2020-07-16 19:20:30.000410: I common_helper.py:244] - decoding_lp_alpha=None
2020-07-16 19:20:30.000410: I common_helper.py:241] . FEAT
2020-07-16 19:20:30.000410: I common_helper.py:244] - feat_dim=123
2020-07-16 19:20:30.000410: I common_helper.py:244] - feat_dim1=None
2020-07-16 19:20:30.000410: I common_helper.py:244] - feat_dim2=None
2020-07-16 19:20:30.000410: I common_helper.py:244] - feat_type=graves13
2020-07-16 19:20:30.000410: I common_helper.py:241] . MODEL
2020-07-16 19:20:30.000410: I common_helper.py:244] - model_ap_decoder=True
2020-07-16 19:20:30.000410: I common_helper.py:244] - model_ap_encdec=False
2020-07-16 19:20:30.000410: I common_helper.py:244] - model_ap_encoder=True
2020-07-16 19:20:30.000410: I common_helper.py:244] - model_ap_scale=1.0
2020-07-16 19:20:30.000410: I common_helper.py:244] - model_ap_width_stripe=1
2020-07-16 19:20:30.000410: I common_helper.py:244] - model_ap_width_zero=1
2020-07-16 19:20:30.000410: I common_helper.py:244] - model_att_head_num=4
2020-07-16 19:20:30.000410: I common_helper.py:244] - model_average_num=10
2020-07-16 19:20:30.000410: I common_helper.py:244] - model_caps_class_dim=64
2020-07-16 19:20:30.000410: I common_helper.py:244] - model_caps_context=True
2020-07-16 19:20:30.000410: I common_helper.py:244] - model_caps_convolution_dim=4
2020-07-16 19:20:30.000410: I common_helper.py:244] - model_caps_convolution_num=4
2020-07-16 19:20:30.000410: I common_helper.py:244] - model_caps_iter=2
2020-07-16 19:20:30.000410: I common_helper.py:244] - model_caps_layernorm=True
2020-07-16 19:20:30.000410: I common_helper.py:244] - model_caps_norm=None
2020-07-16 19:20:30.000410: I common_helper.py:244] - model_caps_primary_dim=2
2020-07-16 19:20:30.000410: I common_helper.py:244] - model_caps_primary_num=3
2020-07-16 19:20:30.000410: I common_helper.py:244] - model_caps_recon=False
2020-07-16 19:20:30.000410: I common_helper.py:244] - model_caps_routing_type=dr
2020-07-16 19:20:30.000410: I common_helper.py:244] - model_caps_seq_type=None
2020-07-16 19:20:30.000410: I common_helper.py:244] - model_caps_stride=1
2020-07-16 19:20:30.000410: I common_helper.py:244] - model_caps_stride_n=2
2020-07-16 19:20:30.000410: I common_helper.py:244] - model_caps_window=3
2020-07-16 19:20:30.000410: I common_helper.py:244] - model_caps_window_even=True
2020-07-16 19:20:30.000410: I common_helper.py:244] - model_caps_window_lpad=None
2020-07-16 19:20:30.000410: I common_helper.py:244] - model_caps_window_rpad=None
2020-07-16 19:20:30.000410: I common_helper.py:244] - model_ckpt_max_to_keep=-1
2020-07-16 19:20:30.000410: I common_helper.py:244] - model_conv_filter_num=64
2020-07-16 19:20:30.000410: I common_helper.py:244] - model_conv_layer_num=2
2020-07-16 19:20:30.000410: I common_helper.py:244] - model_conv_mask_type=0
2020-07-16 19:20:30.000410: I common_helper.py:244] - model_conv_stride=2
2020-07-16 19:20:30.000410: I common_helper.py:244] - model_decoder_num=None
2020-07-16 19:20:30.000410: I common_helper.py:244] - model_dimension=128
2020-07-16 19:20:30.000410: I common_helper.py:244] - model_emb_sqrt=True
2020-07-16 19:20:30.000410: I common_helper.py:244] - model_encoder_num=5
2020-07-16 19:20:30.000410: I common_helper.py:244] - model_initializer=fan_avg
2020-07-16 19:20:30.000410: I common_helper.py:244] - model_inner_dim=1024
2020-07-16 19:20:30.000410: I common_helper.py:244] - model_res_dec=1
2020-07-16 19:20:30.000410: I common_helper.py:244] - model_res_enc=1
2020-07-16 19:20:30.000410: I common_helper.py:244] - model_shared_embed=False
2020-07-16 19:20:30.000410: I common_helper.py:244] - model_type=stf
2020-07-16 19:20:30.000410: I common_helper.py:241] . PATH
2020-07-16 19:20:30.000410: I common_helper.py:244] - path_base=/data/timit
2020-07-16 19:20:30.000410: I common_helper.py:244] - path_ckpt=./checkpoint/TF_L5_D128_H1024
2020-07-16 19:20:30.000410: I common_helper.py:244] - path_ckpt_epoch=0
2020-07-16 19:20:30.000410: I common_helper.py:244] - path_cmvn_ptrn=None
2020-07-16 19:20:30.000410: I common_helper.py:244] - path_hyp=None
2020-07-16 19:20:30.000410: I common_helper.py:244] - path_test_json=None
2020-07-16 19:20:30.000410: I common_helper.py:244] - path_test_ptrn=tfrecord_graves13/timit-test-None-123-*-of-*
2020-07-16 19:20:30.000410: I common_helper.py:244] - path_train_json=None
2020-07-16 19:20:30.000410: I common_helper.py:244] - path_train_ptrn=tfrecord_graves13/timit-train-None-123-*-of-*
2020-07-16 19:20:30.000410: I common_helper.py:244] - path_valid_json=None
2020-07-16 19:20:30.000411: I common_helper.py:244] - path_valid_ptrn=tfrecord_graves13/timit-valid-None-123-*-of-*
2020-07-16 19:20:30.000411: I common_helper.py:244] - path_vocab=samples/data/timit_61.vocab
2020-07-16 19:20:30.000411: I common_helper.py:244] - path_wrt_tfrecord=None
2020-07-16 19:20:30.000411: I common_helper.py:241] . PREP
2020-07-16 19:20:30.000411: I common_helper.py:244] - prep_data_bos=True
2020-07-16 19:20:30.000411: I common_helper.py:244] - prep_data_name=wsj
2020-07-16 19:20:30.000411: I common_helper.py:244] - prep_data_pad_space=True
2020-07-16 19:20:30.000411: I common_helper.py:244] - prep_data_shard=100
2020-07-16 19:20:30.000411: I common_helper.py:244] - prep_data_unit=word
2020-07-16 19:20:30.000411: I common_helper.py:244] - prep_max_inp=-1
2020-07-16 19:20:30.000411: I common_helper.py:244] - prep_max_tar=-1
2020-07-16 19:20:30.000411: I common_helper.py:241] . TRAIN
2020-07-16 19:20:30.000411: I common_helper.py:244] - train_adam_beta1=0.9
2020-07-16 19:20:30.000411: I common_helper.py:244] - train_adam_beta2=0.98
2020-07-16 19:20:30.000411: I common_helper.py:244] - train_adam_epsilon=1e-09
2020-07-16 19:20:30.000411: I common_helper.py:244] - train_att_dropout=0.4
2020-07-16 19:20:30.000411: I common_helper.py:244] - train_batch_dynamic=True
2020-07-16 19:20:30.000411: I common_helper.py:244] - train_batch_frame=20000
2020-07-16 19:20:30.000411: I common_helper.py:244] - train_batch_size=26
2020-07-16 19:20:30.000411: I common_helper.py:244] - train_ckpt_saving_per=1
2020-07-16 19:20:30.000411: I common_helper.py:244] - train_es_min_delta=0.001
2020-07-16 19:20:30.000411: I common_helper.py:244] - train_es_tolerance=1
2020-07-16 19:20:30.000411: I common_helper.py:244] - train_inn_dropout=0.4
2020-07-16 19:20:30.000411: I common_helper.py:244] - train_inp_dropout=0.3
2020-07-16 19:20:30.000411: I common_helper.py:244] - train_is_mwer=False
2020-07-16 19:20:30.000411: I common_helper.py:244] - train_lr_param_k=1e-06
2020-07-16 19:20:30.000411: I common_helper.py:244] - train_max_epoch=0
2020-07-16 19:20:30.000411: I common_helper.py:244] - train_max_step=0
2020-07-16 19:20:30.000411: I common_helper.py:244] - train_ppl_step=1
2020-07-16 19:20:30.000411: I common_helper.py:244] - train_res_dropout=0.4
2020-07-16 19:20:30.000411: I common_helper.py:244] - train_schedule_prob=None
2020-07-16 19:20:30.000411: I common_helper.py:244] - train_smoothing_confidence=0.0
2020-07-16 19:20:30.000411: I common_helper.py:244] - train_smoothing_type=neighbor
2020-07-16 19:20:30.000411: I common_helper.py:244] - train_warmup_n=1000
2020-07-16 19:20:30.000411: I common_helper.py:245] *********************************************
2020-07-16 19:20:30.000411: C misc_helper.py:93] Last index must be BOS: @, but zh
2020-07-16 19:20:30.000411: I misc_helper.py:106] Decoder Input Dim: 62, Output Dim 62
2020-07-16 19:20:30.000411: I average_ckpt_tf.py:51] The modified output Dimension 63
2020-07-16 19:20:30.440880: I tensorflow/core/platform/profile_utils/cpu_utils.cc:104] CPU Frequency: 3699850000 Hz
2020-07-16 19:20:30.441636: I tensorflow/compiler/xla/service/service.cc:168] XLA service 0x3ebe590 initialized for platform Host (this does not guarantee that XLA will be used). Devices:
2020-07-16 19:20:30.441657: I tensorflow/compiler/xla/service/service.cc:176]   StreamExecutor device (0): Host, Default Version
2020-07-16 19:20:30.508795: I tensorflow/compiler/xla/service/service.cc:168] XLA service 0x3e546f0 initialized for platform CUDA (this does not guarantee that XLA will be used). Devices:
2020-07-16 19:20:30.508835: I tensorflow/compiler/xla/service/service.cc:176]   StreamExecutor device (0): TITAN RTX, Compute Capability 7.5
2020-07-16 19:20:30.510044: I tensorflow/core/common_runtime/gpu/gpu_device.cc:1716] Found device 0 with properties: 
pciBusID: 0000:b3:00.0 name: TITAN RTX computeCapability: 7.5
coreClock: 1.77GHz coreCount: 72 deviceMemorySize: 23.65GiB deviceMemoryBandwidth: 625.94GiB/s
2020-07-16 19:20:30.510074: I tensorflow/stream_executor/platform/default/dso_loader.cc:48] Successfully opened dynamic library libcudart.so.10.1
2020-07-16 19:20:30.510093: I tensorflow/stream_executor/platform/default/dso_loader.cc:48] Successfully opened dynamic library libcublas.so.10
2020-07-16 19:20:30.510102: I tensorflow/stream_executor/platform/default/dso_loader.cc:48] Successfully opened dynamic library libcufft.so.10
2020-07-16 19:20:30.510111: I tensorflow/stream_executor/platform/default/dso_loader.cc:48] Successfully opened dynamic library libcurand.so.10
2020-07-16 19:20:30.510120: I tensorflow/stream_executor/platform/default/dso_loader.cc:48] Successfully opened dynamic library libcusolver.so.10
2020-07-16 19:20:30.510129: I tensorflow/stream_executor/platform/default/dso_loader.cc:48] Successfully opened dynamic library libcusparse.so.10
2020-07-16 19:20:30.510138: I tensorflow/stream_executor/platform/default/dso_loader.cc:48] Successfully opened dynamic library libcudnn.so.7
2020-07-16 19:20:30.512179: I tensorflow/core/common_runtime/gpu/gpu_device.cc:1858] Adding visible gpu devices: 0
2020-07-16 19:20:30.512205: I tensorflow/stream_executor/platform/default/dso_loader.cc:48] Successfully opened dynamic library libcudart.so.10.1
2020-07-16 19:20:31.151157: I tensorflow/core/common_runtime/gpu/gpu_device.cc:1257] Device interconnect StreamExecutor with strength 1 edge matrix:
2020-07-16 19:20:31.151197: I tensorflow/core/common_runtime/gpu/gpu_device.cc:1263]      0 
2020-07-16 19:20:31.151214: I tensorflow/core/common_runtime/gpu/gpu_device.cc:1276] 0:   N 
2020-07-16 19:20:31.152805: I tensorflow/core/common_runtime/gpu/gpu_device.cc:1402] Created TensorFlow device (/job:localhost/replica:0/task:0/device:GPU:0 with 13395 MB memory) -> physical GPU (device: 0, name: TITAN RTX, pci bus id: 0000:b3:00.0, compute capability: 7.5)
2020-07-16 19:20:31.153205: I tensorflow/core/common_runtime/process_util.cc:146] Creating new thread pool with default inter op setting: 2. Tune using inter_op_parallelism_threads for best performance.
2020-07-16 19:20:31.000229: I average_ckpt_tf.py:82] ./checkpoint/TF_L5_D128_H1024/ckpt-191
2020-07-16 19:20:31.411559: I tensorflow/stream_executor/platform/default/dso_loader.cc:48] Successfully opened dynamic library libcublas.so.10
2020-07-16 19:20:31.858733: I tensorflow/stream_executor/platform/default/dso_loader.cc:48] Successfully opened dynamic library libcudnn.so.7
2020-07-16 19:20:34.000867: I average_ckpt_tf.py:82] ./checkpoint/TF_L5_D128_H1024/ckpt-192
2020-07-16 19:20:36.000770: I average_ckpt_tf.py:82] ./checkpoint/TF_L5_D128_H1024/ckpt-193
2020-07-16 19:20:38.000603: I average_ckpt_tf.py:82] ./checkpoint/TF_L5_D128_H1024/ckpt-194
2020-07-16 19:20:40.000487: I average_ckpt_tf.py:82] ./checkpoint/TF_L5_D128_H1024/ckpt-195
2020-07-16 19:20:42.000547: I average_ckpt_tf.py:82] ./checkpoint/TF_L5_D128_H1024/ckpt-196
2020-07-16 19:20:44.000411: I average_ckpt_tf.py:82] ./checkpoint/TF_L5_D128_H1024/ckpt-197
2020-07-16 19:20:46.000128: I average_ckpt_tf.py:82] ./checkpoint/TF_L5_D128_H1024/ckpt-198
2020-07-16 19:20:47.000994: I average_ckpt_tf.py:82] ./checkpoint/TF_L5_D128_H1024/ckpt-199
2020-07-16 19:20:50.000018: I average_ckpt_tf.py:82] ./checkpoint/TF_L5_D128_H1024/ckpt-200
2020-07-16 19:20:51.000791: I average_ckpt_tf.py:103] Total 10 models were loaded.
2020-07-16 19:20:52.000545: I average_ckpt_tf.py:140] Saved to ./checkpoint/TF_L5_D128_H1024/avg/ckpt-1
