2020-07-10 20:38:44.700497: I tensorflow/stream_executor/platform/default/dso_loader.cc:48] Successfully opened dynamic library libcudart.so.10.1
2020-07-10 20:38:45.643085: I tensorflow/stream_executor/platform/default/dso_loader.cc:48] Successfully opened dynamic library libcuda.so.1
2020-07-10 20:38:46.375513: I tensorflow/core/common_runtime/gpu/gpu_device.cc:1716] Found device 0 with properties: 
pciBusID: 0000:65:00.0 name: GeForce RTX 2080 Ti computeCapability: 7.5
coreClock: 1.635GHz coreCount: 68 deviceMemorySize: 10.76GiB deviceMemoryBandwidth: 573.69GiB/s
2020-07-10 20:38:46.375546: I tensorflow/stream_executor/platform/default/dso_loader.cc:48] Successfully opened dynamic library libcudart.so.10.1
2020-07-10 20:38:46.376761: I tensorflow/stream_executor/platform/default/dso_loader.cc:48] Successfully opened dynamic library libcublas.so.10
2020-07-10 20:38:46.377906: I tensorflow/stream_executor/platform/default/dso_loader.cc:48] Successfully opened dynamic library libcufft.so.10
2020-07-10 20:38:46.378111: I tensorflow/stream_executor/platform/default/dso_loader.cc:48] Successfully opened dynamic library libcurand.so.10
2020-07-10 20:38:46.379333: I tensorflow/stream_executor/platform/default/dso_loader.cc:48] Successfully opened dynamic library libcusolver.so.10
2020-07-10 20:38:46.379993: I tensorflow/stream_executor/platform/default/dso_loader.cc:48] Successfully opened dynamic library libcusparse.so.10
2020-07-10 20:38:46.382547: I tensorflow/stream_executor/platform/default/dso_loader.cc:48] Successfully opened dynamic library libcudnn.so.7
2020-07-10 20:38:46.383649: I tensorflow/core/common_runtime/gpu/gpu_device.cc:1858] Adding visible gpu devices: 0
2020-07-10 20:38:46.000385: I common_helper.py:233] ********************************************
2020-07-10 20:38:46.000385: I common_helper.py:234]         Settings for Transformer ASR
2020-07-10 20:38:46.000385: I common_helper.py:235] ********************************************
2020-07-10 20:38:46.000385: I common_helper.py:241] . CONFIG
2020-07-10 20:38:46.000385: I common_helper.py:244] - config=samples/conf/sequence_router.conf
2020-07-10 20:38:46.000385: I common_helper.py:241] . DECODING
2020-07-10 20:38:46.000385: I common_helper.py:244] - decoding_beam_width=100
2020-07-10 20:38:46.000385: I common_helper.py:244] - decoding_from_npy=False
2020-07-10 20:38:46.000385: I common_helper.py:244] - decoding_lp_alpha=None
2020-07-10 20:38:46.000385: I common_helper.py:241] . FEAT
2020-07-10 20:38:46.000385: I common_helper.py:244] - feat_dim=123
2020-07-10 20:38:46.000385: I common_helper.py:244] - feat_dim1=None
2020-07-10 20:38:46.000385: I common_helper.py:244] - feat_dim2=None
2020-07-10 20:38:46.000385: I common_helper.py:244] - feat_type=graves13
2020-07-10 20:38:46.000385: I common_helper.py:241] . MODEL
2020-07-10 20:38:46.000385: I common_helper.py:244] - model_ap_decoder=False
2020-07-10 20:38:46.000385: I common_helper.py:244] - model_ap_encdec=False
2020-07-10 20:38:46.000385: I common_helper.py:244] - model_ap_encoder=False
2020-07-10 20:38:46.000385: I common_helper.py:244] - model_ap_scale=None
2020-07-10 20:38:46.000385: I common_helper.py:244] - model_ap_width_stripe=None
2020-07-10 20:38:46.000385: I common_helper.py:244] - model_ap_width_zero=None
2020-07-10 20:38:46.000385: I common_helper.py:244] - model_att_head_num=None
2020-07-10 20:38:46.000386: I common_helper.py:244] - model_average_num=10
2020-07-10 20:38:46.000386: I common_helper.py:244] - model_caps_class_dim=8
2020-07-10 20:38:46.000386: I common_helper.py:244] - model_caps_context=True
2020-07-10 20:38:46.000386: I common_helper.py:244] - model_caps_convolution_dim=8
2020-07-10 20:38:46.000386: I common_helper.py:244] - model_caps_convolution_num=20
2020-07-10 20:38:46.000386: I common_helper.py:244] - model_caps_iter=1
2020-07-10 20:38:46.000386: I common_helper.py:244] - model_caps_layernorm=True
2020-07-10 20:38:46.000386: I common_helper.py:244] - model_caps_norm=1.0
2020-07-10 20:38:46.000386: I common_helper.py:244] - model_caps_primary_dim=8
2020-07-10 20:38:46.000386: I common_helper.py:244] - model_caps_primary_num=20
2020-07-10 20:38:46.000386: I common_helper.py:244] - model_caps_recon=False
2020-07-10 20:38:46.000386: I common_helper.py:244] - model_caps_routing_type=dr
2020-07-10 20:38:46.000386: I common_helper.py:244] - model_caps_seq_type=None
2020-07-10 20:38:46.000386: I common_helper.py:244] - model_caps_stride=1
2020-07-10 20:38:46.000386: I common_helper.py:244] - model_caps_stride_n=2
2020-07-10 20:38:46.000386: I common_helper.py:244] - model_caps_window=5
2020-07-10 20:38:46.000386: I common_helper.py:244] - model_caps_window_even=True
2020-07-10 20:38:46.000386: I common_helper.py:244] - model_caps_window_lpad=2
2020-07-10 20:38:46.000386: I common_helper.py:244] - model_caps_window_rpad=2
2020-07-10 20:38:46.000386: I common_helper.py:244] - model_ckpt_max_to_keep=-1
2020-07-10 20:38:46.000386: I common_helper.py:244] - model_conv_filter_num=64
2020-07-10 20:38:46.000386: I common_helper.py:244] - model_conv_layer_num=2
2020-07-10 20:38:46.000386: I common_helper.py:244] - model_conv_mask_type=0
2020-07-10 20:38:46.000386: I common_helper.py:244] - model_conv_stride=2
2020-07-10 20:38:46.000386: I common_helper.py:244] - model_decoder_num=None
2020-07-10 20:38:46.000386: I common_helper.py:244] - model_dimension=1
2020-07-10 20:38:46.000386: I common_helper.py:244] - model_emb_sqrt=True
2020-07-10 20:38:46.000386: I common_helper.py:244] - model_encoder_num=1
2020-07-10 20:38:46.000386: I common_helper.py:244] - model_initializer=fan_avg
2020-07-10 20:38:46.000386: I common_helper.py:244] - model_inner_dim=None
2020-07-10 20:38:46.000386: I common_helper.py:244] - model_res_dec=1
2020-07-10 20:38:46.000386: I common_helper.py:244] - model_res_enc=1
2020-07-10 20:38:46.000386: I common_helper.py:244] - model_shared_embed=False
2020-07-10 20:38:46.000386: I common_helper.py:244] - model_type=stf
2020-07-10 20:38:46.000386: I common_helper.py:241] . PATH
2020-07-10 20:38:46.000386: I common_helper.py:244] - path_base=/data/timit
2020-07-10 20:38:46.000386: I common_helper.py:244] - path_ckpt=./checkpoint/SRF_L1_PH20-PD8-CH20-CD8-VD8_W-2-2_SRF-I1
2020-07-10 20:38:46.000386: I common_helper.py:244] - path_ckpt_epoch=0
2020-07-10 20:38:46.000386: I common_helper.py:244] - path_cmvn_ptrn=None
2020-07-10 20:38:46.000386: I common_helper.py:244] - path_hyp=None
2020-07-10 20:38:46.000386: I common_helper.py:244] - path_test_json=None
2020-07-10 20:38:46.000386: I common_helper.py:244] - path_test_ptrn=tfrecord_graves13/timit-test-None-123-*-of-*
2020-07-10 20:38:46.000386: I common_helper.py:244] - path_train_json=None
2020-07-10 20:38:46.000386: I common_helper.py:244] - path_train_ptrn=tfrecord_graves13/timit-train-None-123-*-of-*
2020-07-10 20:38:46.000386: I common_helper.py:244] - path_valid_json=None
2020-07-10 20:38:46.000386: I common_helper.py:244] - path_valid_ptrn=tfrecord_graves13/timit-valid-None-123-*-of-*
2020-07-10 20:38:46.000386: I common_helper.py:244] - path_vocab=samples/data/timit_61.vocab
2020-07-10 20:38:46.000386: I common_helper.py:244] - path_wrt_tfrecord=None
2020-07-10 20:38:46.000386: I common_helper.py:241] . PREP
2020-07-10 20:38:46.000386: I common_helper.py:244] - prep_data_bos=True
2020-07-10 20:38:46.000386: I common_helper.py:244] - prep_data_name=wsj
2020-07-10 20:38:46.000386: I common_helper.py:244] - prep_data_pad_space=True
2020-07-10 20:38:46.000386: I common_helper.py:244] - prep_data_shard=100
2020-07-10 20:38:46.000386: I common_helper.py:244] - prep_data_unit=word
2020-07-10 20:38:46.000386: I common_helper.py:244] - prep_max_inp=-1
2020-07-10 20:38:46.000386: I common_helper.py:244] - prep_max_tar=-1
2020-07-10 20:38:46.000386: I common_helper.py:241] . TRAIN
2020-07-10 20:38:46.000386: I common_helper.py:244] - train_adam_beta1=0.9
2020-07-10 20:38:46.000386: I common_helper.py:244] - train_adam_beta2=0.98
2020-07-10 20:38:46.000386: I common_helper.py:244] - train_adam_epsilon=1e-09
2020-07-10 20:38:46.000386: I common_helper.py:244] - train_att_dropout=0.1
2020-07-10 20:38:46.000386: I common_helper.py:244] - train_batch_dynamic=True
2020-07-10 20:38:46.000386: I common_helper.py:244] - train_batch_frame=7000
2020-07-10 20:38:46.000386: I common_helper.py:244] - train_batch_size=26
2020-07-10 20:38:46.000387: I common_helper.py:244] - train_ckpt_saving_per=1
2020-07-10 20:38:46.000387: I common_helper.py:244] - train_es_min_delta=0.001
2020-07-10 20:38:46.000387: I common_helper.py:244] - train_es_tolerance=1
2020-07-10 20:38:46.000387: I common_helper.py:244] - train_inn_dropout=0.2
2020-07-10 20:38:46.000387: I common_helper.py:244] - train_inp_dropout=0.2
2020-07-10 20:38:46.000387: I common_helper.py:244] - train_is_mwer=False
2020-07-10 20:38:46.000387: I common_helper.py:244] - train_lr_param_k=1e-06
2020-07-10 20:38:46.000387: I common_helper.py:244] - train_max_epoch=0
2020-07-10 20:38:46.000387: I common_helper.py:244] - train_max_step=0
2020-07-10 20:38:46.000387: I common_helper.py:244] - train_ppl_step=1
2020-07-10 20:38:46.000387: I common_helper.py:244] - train_res_dropout=0.1
2020-07-10 20:38:46.000387: I common_helper.py:244] - train_schedule_prob=None
2020-07-10 20:38:46.000387: I common_helper.py:244] - train_smoothing_confidence=0.0
2020-07-10 20:38:46.000387: I common_helper.py:244] - train_smoothing_type=neighbor
2020-07-10 20:38:46.000387: I common_helper.py:244] - train_warmup_n=1200
2020-07-10 20:38:46.000387: I common_helper.py:245] *********************************************
2020-07-10 20:38:46.000387: C misc_helper.py:93] Last index must be BOS: @, but zh
2020-07-10 20:38:46.000387: I misc_helper.py:106] Decoder Input Dim: 62, Output Dim 62
2020-07-10 20:38:46.000387: I average_ckpt_sr.py:51] The modified output Dimension 63
2020-07-10 20:38:46.412790: I tensorflow/core/platform/profile_utils/cpu_utils.cc:104] CPU Frequency: 3699850000 Hz
2020-07-10 20:38:46.413420: I tensorflow/compiler/xla/service/service.cc:168] XLA service 0x3e124c0 initialized for platform Host (this does not guarantee that XLA will be used). Devices:
2020-07-10 20:38:46.413442: I tensorflow/compiler/xla/service/service.cc:176]   StreamExecutor device (0): Host, Default Version
2020-07-10 20:38:46.546025: I tensorflow/compiler/xla/service/service.cc:168] XLA service 0x3e149f0 initialized for platform CUDA (this does not guarantee that XLA will be used). Devices:
2020-07-10 20:38:46.546058: I tensorflow/compiler/xla/service/service.cc:176]   StreamExecutor device (0): GeForce RTX 2080 Ti, Compute Capability 7.5
2020-07-10 20:38:46.546774: I tensorflow/core/common_runtime/gpu/gpu_device.cc:1716] Found device 0 with properties: 
pciBusID: 0000:65:00.0 name: GeForce RTX 2080 Ti computeCapability: 7.5
coreClock: 1.635GHz coreCount: 68 deviceMemorySize: 10.76GiB deviceMemoryBandwidth: 573.69GiB/s
2020-07-10 20:38:46.546807: I tensorflow/stream_executor/platform/default/dso_loader.cc:48] Successfully opened dynamic library libcudart.so.10.1
2020-07-10 20:38:46.546821: I tensorflow/stream_executor/platform/default/dso_loader.cc:48] Successfully opened dynamic library libcublas.so.10
2020-07-10 20:38:46.546826: I tensorflow/stream_executor/platform/default/dso_loader.cc:48] Successfully opened dynamic library libcufft.so.10
2020-07-10 20:38:46.546832: I tensorflow/stream_executor/platform/default/dso_loader.cc:48] Successfully opened dynamic library libcurand.so.10
2020-07-10 20:38:46.546837: I tensorflow/stream_executor/platform/default/dso_loader.cc:48] Successfully opened dynamic library libcusolver.so.10
2020-07-10 20:38:46.546843: I tensorflow/stream_executor/platform/default/dso_loader.cc:48] Successfully opened dynamic library libcusparse.so.10
2020-07-10 20:38:46.546849: I tensorflow/stream_executor/platform/default/dso_loader.cc:48] Successfully opened dynamic library libcudnn.so.7
2020-07-10 20:38:46.547780: I tensorflow/core/common_runtime/gpu/gpu_device.cc:1858] Adding visible gpu devices: 0
2020-07-10 20:38:46.547798: I tensorflow/stream_executor/platform/default/dso_loader.cc:48] Successfully opened dynamic library libcudart.so.10.1
2020-07-10 20:38:46.906331: I tensorflow/core/common_runtime/gpu/gpu_device.cc:1257] Device interconnect StreamExecutor with strength 1 edge matrix:
2020-07-10 20:38:46.906374: I tensorflow/core/common_runtime/gpu/gpu_device.cc:1263]      0 
2020-07-10 20:38:46.906379: I tensorflow/core/common_runtime/gpu/gpu_device.cc:1276] 0:   N 
2020-07-10 20:38:46.907606: I tensorflow/core/common_runtime/gpu/gpu_device.cc:1402] Created TensorFlow device (/job:localhost/replica:0/task:0/device:GPU:0 with 10070 MB memory) -> physical GPU (device: 0, name: GeForce RTX 2080 Ti, pci bus id: 0000:65:00.0, compute capability: 7.5)
2020-07-10 20:38:46.907990: I tensorflow/core/common_runtime/process_util.cc:146] Creating new thread pool with default inter op setting: 2. Tune using inter_op_parallelism_threads for best performance.
2020-07-10 20:38:46.000933: I sequence_router.py:176] Layer x 1, Iter x 1, Init CONTEXT, Win 5 (l:2, r:2), Normalized with softmax w/ 1.0 temp
2020-07-10 20:38:46.000939: I average_ckpt_sr.py:73] ./checkpoint/SRF_L1_PH20-PD8-CH20-CD8-VD8_W-2-2_SRF-I1/ckpt-191
2020-07-10 20:38:46.000955: I sequence_router.py:176] Layer x 1, Iter x 1, Init CONTEXT, Win 5 (l:2, r:2), Normalized with softmax w/ 1.0 temp
2020-07-10 20:38:47.075492: I tensorflow/stream_executor/platform/default/dso_loader.cc:48] Successfully opened dynamic library libcublas.so.10
2020-07-10 20:38:47.322847: I tensorflow/stream_executor/platform/default/dso_loader.cc:48] Successfully opened dynamic library libcudnn.so.7
2020-07-10 20:38:48.000422: I average_ckpt_sr.py:73] ./checkpoint/SRF_L1_PH20-PD8-CH20-CD8-VD8_W-2-2_SRF-I1/ckpt-192
2020-07-10 20:38:48.000443: I sequence_router.py:176] Layer x 1, Iter x 1, Init CONTEXT, Win 5 (l:2, r:2), Normalized with softmax w/ 1.0 temp
2020-07-10 20:38:48.000790: I average_ckpt_sr.py:73] ./checkpoint/SRF_L1_PH20-PD8-CH20-CD8-VD8_W-2-2_SRF-I1/ckpt-193
2020-07-10 20:38:48.000819: I sequence_router.py:176] Layer x 1, Iter x 1, Init CONTEXT, Win 5 (l:2, r:2), Normalized with softmax w/ 1.0 temp
2020-07-10 20:38:49.000150: I average_ckpt_sr.py:73] ./checkpoint/SRF_L1_PH20-PD8-CH20-CD8-VD8_W-2-2_SRF-I1/ckpt-194
2020-07-10 20:38:49.000169: I sequence_router.py:176] Layer x 1, Iter x 1, Init CONTEXT, Win 5 (l:2, r:2), Normalized with softmax w/ 1.0 temp
2020-07-10 20:38:49.000494: I average_ckpt_sr.py:73] ./checkpoint/SRF_L1_PH20-PD8-CH20-CD8-VD8_W-2-2_SRF-I1/ckpt-195
2020-07-10 20:38:49.000516: I sequence_router.py:176] Layer x 1, Iter x 1, Init CONTEXT, Win 5 (l:2, r:2), Normalized with softmax w/ 1.0 temp
2020-07-10 20:38:49.000853: I average_ckpt_sr.py:73] ./checkpoint/SRF_L1_PH20-PD8-CH20-CD8-VD8_W-2-2_SRF-I1/ckpt-196
2020-07-10 20:38:49.000873: I sequence_router.py:176] Layer x 1, Iter x 1, Init CONTEXT, Win 5 (l:2, r:2), Normalized with softmax w/ 1.0 temp
2020-07-10 20:38:50.000212: I average_ckpt_sr.py:73] ./checkpoint/SRF_L1_PH20-PD8-CH20-CD8-VD8_W-2-2_SRF-I1/ckpt-197
2020-07-10 20:38:50.000233: I sequence_router.py:176] Layer x 1, Iter x 1, Init CONTEXT, Win 5 (l:2, r:2), Normalized with softmax w/ 1.0 temp
2020-07-10 20:38:50.000575: I average_ckpt_sr.py:73] ./checkpoint/SRF_L1_PH20-PD8-CH20-CD8-VD8_W-2-2_SRF-I1/ckpt-198
2020-07-10 20:38:50.000599: I sequence_router.py:176] Layer x 1, Iter x 1, Init CONTEXT, Win 5 (l:2, r:2), Normalized with softmax w/ 1.0 temp
2020-07-10 20:38:50.000918: I average_ckpt_sr.py:73] ./checkpoint/SRF_L1_PH20-PD8-CH20-CD8-VD8_W-2-2_SRF-I1/ckpt-199
2020-07-10 20:38:50.000941: I sequence_router.py:176] Layer x 1, Iter x 1, Init CONTEXT, Win 5 (l:2, r:2), Normalized with softmax w/ 1.0 temp
2020-07-10 20:38:51.000275: I average_ckpt_sr.py:73] ./checkpoint/SRF_L1_PH20-PD8-CH20-CD8-VD8_W-2-2_SRF-I1/ckpt-200
2020-07-10 20:38:51.000296: I sequence_router.py:176] Layer x 1, Iter x 1, Init CONTEXT, Win 5 (l:2, r:2), Normalized with softmax w/ 1.0 temp
2020-07-10 20:38:51.000628: I average_ckpt_sr.py:87] Total 10 models were loaded.
2020-07-10 20:38:51.000812: I sequence_router.py:176] Layer x 1, Iter x 1, Init CONTEXT, Win 5 (l:2, r:2), Normalized with softmax w/ 1.0 temp
2020-07-10 20:38:51.000954: I average_ckpt_sr.py:117] Saved to ./checkpoint/SRF_L1_PH20-PD8-CH20-CD8-VD8_W-2-2_SRF-I1/avg/ckpt-1
